<?xml version="1.0" encoding="UTF-8"?>
<!-- Generated by org.testng.reporters.JUnitReportReporter -->
<testsuite hostname="ALEXIS-PC" failures="0" tests="1" name="test.Test03_POST" time="2.231" errors="0" timestamp="2023-05-25T10:23:24 CST" skipped="0">
  <testcase classname="test.Test03_POST" name="test01" time="2.231"/>
  <system-out/>
</testsuite> <!-- test.Test03_POST -->
