<?xml version="1.0" encoding="UTF-8"?>
<!-- Generated by org.testng.reporters.JUnitReportReporter -->
<testsuite hostname="ALEXIS-PC" failures="0" tests="1" name="test.Test04_PUT" time="1.712" errors="0" timestamp="2023-05-24T14:10:36 CST" skipped="0">
  <testcase classname="test.Test04_PUT" name="test01" time="1.712"/>
  <system-out/>
</testsuite> <!-- test.Test04_PUT -->
