<?xml version="1.0" encoding="UTF-8"?>
<!-- Generated by org.testng.reporters.JUnitReportReporter -->
<testsuite hostname="ALEXIS-PC" failures="0" tests="1" name="test.Test04_PATCH" time="1.853" errors="0" timestamp="2023-05-24T14:14:09 CST" skipped="0">
  <testcase classname="test.Test04_PATCH" name="test01" time="1.853"/>
  <system-out/>
</testsuite> <!-- test.Test04_PATCH -->
