<?xml version="1.0" encoding="UTF-8"?>
<!-- Generated by org.testng.reporters.JUnitReportReporter -->
<testsuite hostname="ALEXIS-PC" failures="0" tests="1" name="test.FakeAPI_Example" time="1.349" errors="0" timestamp="2023-05-25T11:04:07 CST" skipped="0">
  <testcase classname="test.FakeAPI_Example" name="test05_DELETE" time="1.349"/>
  <system-out/>
</testsuite> <!-- test.FakeAPI_Example -->
