<?xml version="1.0" encoding="UTF-8"?>
<!-- Generated by org.testng.reporters.JUnitReportReporter -->
<testsuite hostname="ALEXIS-PC" failures="0" tests="1" name="test.Test02_GET" time="2.375" errors="0" timestamp="2023-05-25T10:13:35 CST" skipped="0">
  <testcase classname="test.Test02_GET" name="test_02" time="2.375"/>
  <system-out/>
</testsuite> <!-- test.Test02_GET -->
