<?xml version="1.0" encoding="UTF-8"?>
<!-- Generated by org.testng.reporters.JUnitReportReporter -->
<testsuite hostname="ALEXIS-PC" failures="0" tests="1" name="test.Test05_DELETE" time="1.626" errors="0" timestamp="2023-05-24T14:17:44 CST" skipped="0">
  <testcase classname="test.Test05_DELETE" name="test01" time="1.626"/>
  <system-out/>
</testsuite> <!-- test.Test05_DELETE -->
