<?xml version="1.0" encoding="UTF-8"?>
<!-- Generated by org.testng.reporters.JUnitReportReporter -->
<testsuite hostname="ALEXIS-PC" failures="0" tests="1" name="test.Test01_GET" time="2.357" errors="0" timestamp="2023-05-25T10:12:09 CST" skipped="0">
  <testcase classname="test.Test01_GET" name="test_03" time="2.357"/>
  <system-out/>
</testsuite> <!-- test.Test01_GET -->
